# JRE version: OpenJDK Runtime Environment (11.0.7+10) (build 11.0.7+10-LTS)
# Java VM: OpenJDK 64-Bit Server VM (11.0.7+10-LTS, mixed mode, tiered, compressed oops, g1 gc, windows-amd64)
Heap:
 garbage-first heap   total 156672K, used 83063K [0x0000000701e00000, 0x0000000800000000)
  region size 1024K, 37 young (37888K), 0 survivors (0K)
 Metaspace       used 54576K, capacity 59456K, committed 59648K, reserved 1101824K
  class space    used 6358K, capacity 7335K, committed 7424K, reserved 1048576K
GC Heap History (20 events):
Event: 1542.598 GC heap before
{Heap before GC invocations=146 (full 23):
 garbage-first heap   total 156672K, used 92583K [0x0000000701e00000, 0x0000000800000000)
  region size 1024K, 52 young (53248K), 4 survivors (4096K)
 Metaspace       used 53721K, capacity 58037K, committed 58240K, reserved 1099776K
  class space    used 6279K, capacity 7237K, committed 7296K, reserved 1048576K
}
Event: 1542.608 GC heap after
{Heap after GC invocations=147 (full 23):
 garbage-first heap   total 156672K, used 46989K [0x0000000701e00000, 0x0000000800000000)
  region size 1024K, 6 young (6144K), 6 survivors (6144K)
 Metaspace       used 53721K, capacity 58037K, committed 58240K, reserved 1099776K
  class space    used 6279K, capacity 7237K, committed 7296K, reserved 1048576K
}
Event: 1557.012 GC heap before
{Heap before GC invocations=148 (full 23):
 garbage-first heap   total 156672K, used 98189K [0x0000000701e00000, 0x0000000800000000)
  region size 1024K, 57 young (58368K), 6 survivors (6144K)
 Metaspace       used 53820K, capacity 58273K, committed 58496K, reserved 1099776K
  class space    used 6288K, capacity 7249K, committed 7296K, reserved 1048576K
}
Event: 1557.020 GC heap after
{Heap after GC invocations=149 (full 23):
 garbage-first heap   total 156672K, used 49287K [0x0000000701e00000, 0x0000000800000000)
  region size 1024K, 6 young (6144K), 6 survivors (6144K)
 Metaspace       used 53820K, capacity 58273K, committed 58496K, reserved 1099776K
  class space    used 6288K, capacity 7249K, committed 7296K, reserved 1048576K
}
Event: 1562.897 GC heap before
{Heap before GC invocations=149 (full 23):
 garbage-first heap   total 156672K, used 103559K [0x0000000701e00000, 0x0000000800000000)
  region size 1024K, 60 young (61440K), 6 survivors (6144K)
 Metaspace       used 53906K, capacity 58457K, committed 58496K, reserved 1099776K
  class space    used 6298K, capacity 7265K, committed 7296K, reserved 1048576K
}
Event: 1562.915 GC heap after
{Heap after GC invocations=150 (full 23):
 garbage-first heap   total 156672K, used 52451K [0x0000000701e00000, 0x0000000800000000)
  region size 1024K, 7 young (7168K), 7 survivors (7168K)
 Metaspace       used 53906K, capacity 58457K, committed 58496K, reserved 1099776K
  class space    used 6298K, capacity 7265K, committed 7296K, reserved 1048576K
}
Event: 1579.202 GC heap before
{Heap before GC invocations=151 (full 23):
 garbage-first heap   total 156672K, used 93411K [0x0000000701e00000, 0x0000000800000000)
  region size 1024K, 49 young (50176K), 7 survivors (7168K)
 Metaspace       used 54011K, capacity 58626K, committed 58752K, reserved 1101824K
  class space    used 6306K, capacity 7277K, committed 7296K, reserved 1048576K
}
Event: 1579.299 GC heap after
{Heap after GC invocations=152 (full 24):
 garbage-first heap   total 156672K, used 46777K [0x0000000701e00000, 0x0000000800000000)
  region size 1024K, 0 young (0K), 0 survivors (0K)
 Metaspace       used 54008K, capacity 58620K, committed 58752K, reserved 1101824K
  class space    used 6306K, capacity 7275K, committed 7296K, reserved 1048576K
}
Event: 1582.573 GC heap before
{Heap before GC invocations=152 (full 24):
 garbage-first heap   total 156672K, used 82617K [0x0000000701e00000, 0x0000000800000000)
  region size 1024K, 36 young (36864K), 0 survivors (0K)
 Metaspace       used 54088K, capacity 58719K, committed 58752K, reserved 1101824K
  class space    used 6314K, capacity 7285K, committed 7296K, reserved 1048576K
}
Event: 1582.684 GC heap after
{Heap after GC invocations=153 (full 25):
 garbage-first heap   total 156672K, used 46821K [0x0000000701e00000, 0x0000000800000000)
  region size 1024K, 0 young (0K), 0 survivors (0K)
 Metaspace       used 54085K, capacity 58713K, committed 58752K, reserved 1101824K
  class space    used 6313K, capacity 7283K, committed 7296K, reserved 1048576K
}
Event: 1604.081 GC heap before
{Heap before GC invocations=153 (full 25):
 garbage-first heap   total 156672K, used 87781K [0x0000000701e00000, 0x0000000800000000)
  region size 1024K, 42 young (43008K), 0 survivors (0K)
 Metaspace       used 54163K, capacity 58809K, committed 59008K, reserved 1101824K
  class space    used 6321K, capacity 7293K, committed 7296K, reserved 1048576K
}
Event: 1604.199 GC heap after
{Heap after GC invocations=154 (full 26):
 garbage-first heap   total 156672K, used 46905K [0x0000000701e00000, 0x0000000800000000)
  region size 1024K, 0 young (0K), 0 survivors (0K)
 Metaspace       used 54160K, capacity 58803K, committed 59008K, reserved 1101824K
  class space    used 6320K, capacity 7291K, committed 7296K, reserved 1048576K
}
Event: 1606.781 GC heap before
{Heap before GC invocations=154 (full 26):
 garbage-first heap   total 156672K, used 81721K [0x0000000701e00000, 0x0000000800000000)
  region size 1024K, 36 young (36864K), 0 survivors (0K)
 Metaspace       used 54230K, capacity 58961K, committed 59136K, reserved 1101824K
  class space    used 6328K, capacity 7301K, committed 7424K, reserved 1048576K
}
Event: 1606.923 GC heap after
{Heap after GC invocations=155 (full 27):
 garbage-first heap   total 156672K, used 46978K [0x0000000701e00000, 0x0000000800000000)
  region size 1024K, 0 young (0K), 0 survivors (0K)
 Metaspace       used 54228K, capacity 58955K, committed 59136K, reserved 1101824K
  class space    used 6327K, capacity 7299K, committed 7424K, reserved 1048576K
}
Event: 1612.427 GC heap before
{Heap before GC invocations=155 (full 27):
 garbage-first heap   total 156672K, used 83842K [0x0000000701e00000, 0x0000000800000000)
  region size 1024K, 37 young (37888K), 0 survivors (0K)
 Metaspace       used 54303K, capacity 59050K, committed 59392K, reserved 1101824K
  class space    used 6335K, capacity 7309K, committed 7424K, reserved 1048576K
}
Event: 1612.533 GC heap after
{Heap after GC invocations=156 (full 28):
 garbage-first heap   total 156672K, used 47051K [0x0000000701e00000, 0x0000000800000000)
  region size 1024K, 0 young (0K), 0 survivors (0K)
 Metaspace       used 54300K, capacity 59044K, committed 59392K, reserved 1101824K
  class space    used 6335K, capacity 7307K, committed 7424K, reserved 1048576K
}
Event: 1620.920 GC heap before
{Heap before GC invocations=156 (full 28):
 garbage-first heap   total 156672K, used 84939K [0x0000000701e00000, 0x0000000800000000)
  region size 1024K, 38 young (38912K), 0 survivors (0K)
 Metaspace       used 54376K, capacity 59208K, committed 59392K, reserved 1101824K
  class space    used 6343K, capacity 7318K, committed 7424K, reserved 1048576K
}
Event: 1621.071 GC heap after
{Heap after GC invocations=157 (full 29):
 garbage-first heap   total 156672K, used 47138K [0x0000000701e00000, 0x0000000800000000)
  region size 1024K, 0 young (0K), 0 survivors (0K)
 Metaspace       used 54373K, capacity 59202K, committed 59392K, reserved 1101824K
  class space    used 6342K, capacity 7316K, committed 7424K, reserved 1048576K
}
Event: 1628.599 GC heap before
{Heap before GC invocations=157 (full 29):
 garbage-first heap   total 156672K, used 84002K [0x0000000701e00000, 0x0000000800000000)
  region size 1024K, 38 young (38912K), 0 survivors (0K)
 Metaspace       used 54485K, capacity 59301K, committed 59648K, reserved 1101824K
  class space    used 6350K, capacity 7326K, committed 7424K, reserved 1048576K
}
Event: 1628.744 GC heap after
{Heap after GC invocations=158 (full 30):
 garbage-first heap   total 156672K, used 47223K [0x0000000701e00000, 0x0000000800000000)
  region size 1024K, 0 young (0K), 0 survivors (0K)
 Metaspace       used 54483K, capacity 59295K, committed 59648K, reserved 1101824K
  class space    used 6350K, capacity 7324K, committed 7424K, reserved 1048576K
}

